<?xml version="1.0" encoding="UTF-8"?>
<!-- Generated by org.testng.reporters.JUnitReportReporter -->
<testsuite hostname="idea-PC" failures="0" tests="1" name="Authentication.BearerTokenTest" time="5.305" errors="0" timestamp="2022-06-15T17:01:13 IST" skipped="0">
  <testcase classname="Authentication.BearerTokenTest" name="bearerTokenTest" time="5.305"/>
  <system-out/>
</testsuite> <!-- Authentication.BearerTokenTest -->
