<?xml version="1.0" encoding="UTF-8"?>
<!-- Generated by org.testng.reporters.JUnitReportReporter -->
<testsuite hostname="idea-PC" failures="0" tests="1" name="ValidatingResponseTime.ValidateResponseTimeTest" time="3.289" errors="0" timestamp="2022-06-15T15:01:40 IST" skipped="0">
  <testcase classname="ValidatingResponseTime.ValidateResponseTimeTest" name="validateResponseTimeUsingHamcrestTest" time="3.289"/>
  <system-out/>
</testsuite> <!-- ValidatingResponseTime.ValidateResponseTimeTest -->
