<?xml version="1.0" encoding="UTF-8"?>
<!-- Generated by org.testng.reporters.JUnitReportReporter -->
<testsuite hostname="idea-PC" failures="0" tests="1" name="RequestChaining.CreateAProjectAndGetTheProject" time="4.459" errors="0" timestamp="2022-06-15T15:58:28 IST" skipped="0">
  <testcase classname="RequestChaining.CreateAProjectAndGetTheProject" name="crateAProjectAndGetTheSameProjectTest" time="4.459"/>
  <system-out/>
</testsuite> <!-- RequestChaining.CreateAProjectAndGetTheProject -->
