<?xml version="1.0" encoding="UTF-8"?>
<!-- Generated by org.testng.reporters.JUnitReportReporter -->
<testsuite hostname="idea-PC" failures="0" tests="3" name="CreateMultipleProjectsUsingDataProvider.CreateMultipleProjectsTest" time="5.275" errors="0" timestamp="2022-06-15T12:31:18 IST" skipped="0">
  <testcase classname="CreateMultipleProjectsUsingDataProvider.CreateMultipleProjectsTest" name="createMultipleProjectsTest" time="0.170"/>
  <system-out/>
  <testcase classname="CreateMultipleProjectsUsingDataProvider.CreateMultipleProjectsTest" name="createMultipleProjectsTest" time="4.928"/>
  <system-out/>
  <testcase classname="CreateMultipleProjectsUsingDataProvider.CreateMultipleProjectsTest" name="createMultipleProjectsTest" time="0.177"/>
  <system-out/>
</testsuite> <!-- CreateMultipleProjectsUsingDataProvider.CreateMultipleProjectsTest -->
