<?xml version="1.0" encoding="UTF-8"?>
<!-- Generated by org.testng.reporters.JUnitReportReporter -->
<testsuite hostname="idea-PC" failures="0" tests="1" name="Authentication.Oauth2Authentication" time="6.047" errors="0" timestamp="2022-06-15T22:19:57 IST" skipped="0">
  <testcase classname="Authentication.Oauth2Authentication" name="oauth2Authentication" time="6.047"/>
  <system-out/>
</testsuite> <!-- Authentication.Oauth2Authentication -->
