<?xml version="1.0" encoding="UTF-8"?>
<!-- Generated by org.testng.reporters.JUnitReportReporter -->
<testsuite hostname="idea-PC" failures="0" tests="1" name="Authentication.BasicAuthTest" time="3.595" errors="0" timestamp="2022-06-15T16:43:42 IST" skipped="0">
  <testcase classname="Authentication.BasicAuthTest" name="basicAuthentication" time="3.595"/>
  <system-out/>
</testsuite> <!-- Authentication.BasicAuthTest -->
