<?xml version="1.0" encoding="UTF-8"?>
<!-- Generated by org.testng.reporters.JUnitReportReporter -->
<testsuite hostname="idea-PC" failures="0" tests="1" name="Parameters.QueryParameter" time="2.917" errors="0" timestamp="2022-06-15T15:42:35 IST" skipped="0">
  <testcase classname="Parameters.QueryParameter" name="queryParameter" time="2.917"/>
  <system-out/>
</testsuite> <!-- Parameters.QueryParameter -->
