<?xml version="1.0" encoding="UTF-8"?>
<!-- Generated by org.testng.reporters.JUnitReportReporter -->
<testsuite hostname="idea-PC" failures="0" tests="1" name="Parameters.PathParameter" time="3.157" errors="0" timestamp="2022-06-15T15:11:38 IST" skipped="0">
  <testcase classname="Parameters.PathParameter" name="pathParmeter" time="3.157"/>
  <system-out/>
</testsuite> <!-- Parameters.PathParameter -->
